--- Startup times for process: Primary (or UI client) ---

times in msec
 clock   self+sourced   self:  sourced script
 clock   elapsed:              other lines

000.000  000.000: --- NVIM STARTING ---
000.071  000.071: event init
000.161  000.090: early init
000.487  000.327: locale set
000.514  000.026: init first window
000.895  000.381: inits 1
000.900  000.005: window checked
000.902  000.002: parsing arguments
001.375  000.050  000.050: require('vim.shared')
001.455  000.033  000.033: require('vim.inspect')
001.493  000.030  000.030: require('vim._options')
001.496  000.118  000.055: require('vim._editor')
001.497  000.196  000.028: require('vim._init_packages')
001.499  000.401: init lua interpreter
003.726  002.227: nvim_ui_attach
004.009  000.283: nvim_set_client_info
004.011  000.002: --- NVIM STARTED ---

--- Startup times for process: Embedded ---

times in msec
 clock   self+sourced   self:  sourced script
 clock   elapsed:              other lines

000.000  000.000: --- NVIM STARTING ---
000.044  000.044: event init
000.107  000.063: early init
000.349  000.242: locale set
000.369  000.020: init first window
000.627  000.258: inits 1
000.637  000.010: window checked
000.639  000.002: parsing arguments
000.983  000.032  000.032: require('vim.shared')
001.046  000.026  000.026: require('vim.inspect')
001.075  000.023  000.023: require('vim._options')
001.076  000.091  000.042: require('vim._editor')
001.077  000.144  000.021: require('vim._init_packages')
001.079  000.296: init lua interpreter
002.696  001.617: expanding arguments
002.705  000.010: inits 2
002.933  000.228: init highlight
002.934  000.001: waiting for UI
003.073  000.139: done waiting for UI
003.085  000.011: clear screen
003.198  000.012  000.012: require('vim.keymap')
003.876  000.119  000.119: sourcing nvim_exec2()
004.027  000.939  000.808: require('vim._defaults')
004.028  000.004: init default mappings & autocommands
004.639  000.018  000.018: sourcing nvim_exec2() called at /nix/store/iw3h2pciyp3c4g9gw886ivjy9c3z2yj2-neovim-0.11.3-nvim/nvim-setup.lua:0
004.643  000.211  000.193: require('nixCats')
004.739  000.639  000.429: sourcing /nix/store/iw3h2pciyp3c4g9gw886ivjy9c3z2yj2-neovim-0.11.3-nvim/nvim-setup.lua
004.742  000.075: --cmd commands
006.067  000.031  000.031: sourcing /nix/store/v1m43ib6xwg3nj29n5h42j17cazd2fr4-neovim-unwrapped-0.11.3/share/nvim/runtime/ftplugin.vim
006.185  000.019  000.019: sourcing /nix/store/v1m43ib6xwg3nj29n5h42j17cazd2fr4-neovim-unwrapped-0.11.3/share/nvim/runtime/indent.vim
007.711  000.031  000.031: require('vim.fs')
007.727  000.293  000.263: require('vim.lsp.log')
008.469  000.740  000.740: require('vim.lsp.protocol')
009.780  001.309  001.309: require('vim.lsp.util')
010.516  000.286  000.286: require('vim.lsp.sync')
010.520  000.737  000.452: require('vim.lsp._changetracking')
011.122  000.216  000.216: require('vim.lsp._transport')
011.135  000.613  000.397: require('vim.lsp.rpc')
011.156  004.638  000.946: require('vim.lsp')
011.671  000.506  000.506: require('conform')
011.916  000.116  000.116: require('material.util.config')
011.917  000.232  000.116: require('material')
012.885  000.178  000.178: require('material.colors')
013.011  000.124  000.124: require('material.highlights.plugins')
013.169  000.156  000.156: require('material.functions')
013.276  000.106  000.106: require('material.colors.conditionals')
013.303  001.003  000.438: require('material.highlights')
013.305  001.171  000.168: require('material.util')
013.323  000.006  000.006: sourcing nvim_exec2() called at /nix/store/djyac2xfxr4qkwf94zgzx2hkj0p5jl96-vimplugin-material.nvim-2025-05-20/colors/material.lua:0
013.572  001.463  000.287: sourcing /nix/store/grj1jm2kzmsl0bzn28hrflji721xi9b9-vim-pack-dir/pack/myNeovimPackages/start/material.nvim/colors/material.lua
014.385  000.809  000.809: require('oil')
014.510  000.123  000.123: require('oil.ringbuf')
014.769  000.258  000.258: require('oil.config')
015.991  001.099  001.099: require('vim.filetype')
016.658  000.168  000.168: require('oil.log')
016.675  000.466  000.298: require('oil.fs')
017.360  000.112  000.112: require('oil.constants')
017.366  000.690  000.578: require('oil.util')
019.680  000.180  000.180: require('vim.treesitter.language')
019.804  000.122  000.122: require('vim.func')
019.956  000.149  000.149: require('vim.func._memoize')
019.970  001.003  000.552: require('vim.treesitter.query')
020.144  000.173  000.173: require('vim.treesitter._range')
020.152  001.758  000.582: require('vim.treesitter.languagetree')
020.157  002.047  000.289: require('vim.treesitter')
020.159  002.170  000.123: require('nvim-treesitter.compat')
021.799  001.141  001.141: require('nvim-treesitter.parsers')
022.003  000.203  000.203: require('nvim-treesitter.utils')
022.017  001.688  000.345: require('nvim-treesitter.ts_utils')
022.023  001.863  000.175: require('nvim-treesitter.tsrange')
022.153  000.128  000.128: require('nvim-treesitter.caching')
022.160  004.443  000.281: require('nvim-treesitter.query')
022.177  004.804  000.361: require('nvim-treesitter.configs')
022.565  000.382  000.382: require('snacks')
022.606  002.342: sourcing vimrc file(s)
022.893  000.089  000.089: sourcing nvim_exec2() called at /nix/store/v1m43ib6xwg3nj29n5h42j17cazd2fr4-neovim-unwrapped-0.11.3/share/nvim/runtime/filetype.lua:0
022.895  000.146  000.057: sourcing /nix/store/v1m43ib6xwg3nj29n5h42j17cazd2fr4-neovim-unwrapped-0.11.3/share/nvim/runtime/filetype.lua
023.110  000.058  000.058: sourcing /nix/store/v1m43ib6xwg3nj29n5h42j17cazd2fr4-neovim-unwrapped-0.11.3/share/nvim/runtime/syntax/synload.vim
023.165  000.217  000.159: sourcing /nix/store/v1m43ib6xwg3nj29n5h42j17cazd2fr4-neovim-unwrapped-0.11.3/share/nvim/runtime/syntax/syntax.vim
023.773  000.006  000.006: require('vim.F')
024.625  000.117  000.117: sourcing /nix/store/v1m43ib6xwg3nj29n5h42j17cazd2fr4-neovim-unwrapped-0.11.3/share/nvim/runtime/plugin/gzip.vim
025.572  000.109  000.109: sourcing /nix/store/v1m43ib6xwg3nj29n5h42j17cazd2fr4-neovim-unwrapped-0.11.3/share/nvim/runtime/pack/dist/opt/matchit/plugin/matchit.vim
025.643  000.981  000.872: sourcing /nix/store/v1m43ib6xwg3nj29n5h42j17cazd2fr4-neovim-unwrapped-0.11.3/share/nvim/runtime/plugin/matchit.vim
025.765  000.085  000.085: sourcing /nix/store/v1m43ib6xwg3nj29n5h42j17cazd2fr4-neovim-unwrapped-0.11.3/share/nvim/runtime/plugin/matchparen.vim
025.808  000.006  000.006: sourcing /nix/store/v1m43ib6xwg3nj29n5h42j17cazd2fr4-neovim-unwrapped-0.11.3/share/nvim/runtime/plugin/netrwPlugin.vim
025.923  000.005  000.005: sourcing /nix/store/iw3h2pciyp3c4g9gw886ivjy9c3z2yj2-neovim-0.11.3-nvim/nvim-rplugin.vim
026.038  000.194  000.188: sourcing /nix/store/v1m43ib6xwg3nj29n5h42j17cazd2fr4-neovim-unwrapped-0.11.3/share/nvim/runtime/plugin/rplugin.vim
026.124  000.049  000.049: sourcing /nix/store/v1m43ib6xwg3nj29n5h42j17cazd2fr4-neovim-unwrapped-0.11.3/share/nvim/runtime/plugin/shada.vim
026.173  000.010  000.010: sourcing /nix/store/v1m43ib6xwg3nj29n5h42j17cazd2fr4-neovim-unwrapped-0.11.3/share/nvim/runtime/plugin/spellfile.vim
026.263  000.051  000.051: sourcing /nix/store/v1m43ib6xwg3nj29n5h42j17cazd2fr4-neovim-unwrapped-0.11.3/share/nvim/runtime/plugin/tarPlugin.vim
026.313  000.011  000.011: sourcing /nix/store/v1m43ib6xwg3nj29n5h42j17cazd2fr4-neovim-unwrapped-0.11.3/share/nvim/runtime/plugin/tutor.vim
026.421  000.071  000.071: sourcing /nix/store/v1m43ib6xwg3nj29n5h42j17cazd2fr4-neovim-unwrapped-0.11.3/share/nvim/runtime/plugin/zipPlugin.vim
026.489  000.029  000.029: sourcing /nix/store/v1m43ib6xwg3nj29n5h42j17cazd2fr4-neovim-unwrapped-0.11.3/share/nvim/runtime/plugin/editorconfig.lua
026.581  000.045  000.045: sourcing /nix/store/v1m43ib6xwg3nj29n5h42j17cazd2fr4-neovim-unwrapped-0.11.3/share/nvim/runtime/plugin/man.lua
026.671  000.050  000.050: sourcing /nix/store/v1m43ib6xwg3nj29n5h42j17cazd2fr4-neovim-unwrapped-0.11.3/share/nvim/runtime/plugin/osc52.lua
026.738  000.028  000.028: sourcing /nix/store/v1m43ib6xwg3nj29n5h42j17cazd2fr4-neovim-unwrapped-0.11.3/share/nvim/runtime/plugin/tohtml.lua
026.763  002.060: loading rtp plugins
027.184  000.020  000.020: sourcing /nix/store/r4wzv5641r4lzlynrsd5kiqfm4jnl4da-packdir-start/pack/myNeovimPackages/start/conform.nvim/plugin/conform.lua
029.426  000.182  000.182: require('nvim-treesitter.info')
029.677  000.250  000.250: require('nvim-treesitter.shell_command_selectors')
029.692  000.967  000.535: require('nvim-treesitter.install')
029.817  000.123  000.123: require('nvim-treesitter.statusline')
029.992  000.174  000.174: require('nvim-treesitter.query_predicates')
029.993  002.467  001.203: require('nvim-treesitter')
030.396  000.400  000.400: require('vim.iter')
030.825  003.328  000.461: sourcing /nix/store/r4wzv5641r4lzlynrsd5kiqfm4jnl4da-packdir-start/pack/myNeovimPackages/start/nvim-treesitter/plugin/nvim-treesitter.lua
031.050  000.014  000.014: sourcing /nix/store/r4wzv5641r4lzlynrsd5kiqfm4jnl4da-packdir-start/pack/myNeovimPackages/start/snacks.nvim/plugin/snacks.lua
031.325  001.200: loading packages
031.326  000.001: loading after plugins
031.343  000.017: inits 3
032.803  001.460: reading ShaDa
032.870  000.067: opening buffers
032.888  000.017: BufEnter autocommands
032.889  000.002: editing files in windows
032.918  000.029: VimEnter autocommands
033.097  000.174  000.174: require('snacks.picker')
033.397  000.297  000.297: require('snacks.picker.config')
034.000  000.452  000.452: require('snacks.util')
034.163  000.765  000.313: require('snacks.picker.config.highlights')
034.614  000.447  000.447: require('snacks.picker.config.defaults')
034.995  000.380  000.380: require('snacks.picker.config.sources')
035.160  000.164  000.164: require('snacks.picker.config.layouts')
036.652  000.201  000.201: require('vim.ui')
036.807  000.145  000.145: require('vim.termcap')
036.821  000.008  000.008: require('vim.text')
036.834  001.337: UIEnter autocommands
036.835  000.001: before starting main loop
037.038  000.202: first screen update
037.039  000.001: --- NVIM STARTED ---

